TN:
SF:/home/alan/dev/amodev/node-soap/index.js
FNF:0
FNH:0
DA:3,1
LF:1
LH:1
BRF:0
BRH:0
end_of_record
TN:
SF:/home/alan/dev/amodev/node-soap/lib/client.js
FN:19,(anonymous_0)
FN:29,(anonymous_1)
FN:39,(anonymous_2)
FN:49,(anonymous_3)
FN:53,(anonymous_4)
FN:57,(anonymous_5)
FN:64,(anonymous_6)
FN:68,(anonymous_7)
FN:73,(anonymous_8)
FN:79,(anonymous_9)
FN:88,(anonymous_10)
FN:92,(anonymous_11)
FN:96,(anonymous_12)
FN:101,(anonymous_13)
FN:106,(anonymous_14)
FN:110,(anonymous_15)
FN:114,(anonymous_16)
FN:122,(anonymous_17)
FN:141,(anonymous_18)
FN:150,(anonymous_19)
FN:162,(anonymous_20)
FN:165,(anonymous_21)
FN:179,(anonymous_22)
FN:185,(anonymous_23)
FN:209,(anonymous_24)
FN:233,(anonymous_25)
FN:247,(anonymous_26)
FN:349,(anonymous_27)
FN:363,onError
FN:372,(anonymous_29)
FN:378,(anonymous_30)
FN:390,(anonymous_31)
FN:409,(anonymous_32)
FN:422,parseSync
FN:445,finish
FN:473,(anonymous_35)
FNF:36
FNH:33
FNDA:210,(anonymous_0)
FNDA:14,(anonymous_1)
FNDA:4,(anonymous_2)
FNDA:22,(anonymous_3)
FNDA:4,(anonymous_4)
FNDA:2,(anonymous_5)
FNDA:8,(anonymous_6)
FNDA:2,(anonymous_7)
FNDA:2,(anonymous_8)
FNDA:2,(anonymous_9)
FNDA:0,(anonymous_10)
FNDA:0,(anonymous_11)
FNDA:1,(anonymous_12)
FNDA:37,(anonymous_13)
FNDA:6,(anonymous_14)
FNDA:0,(anonymous_15)
FNDA:211,(anonymous_16)
FNDA:210,(anonymous_17)
FNDA:212,(anonymous_18)
FNDA:218,(anonymous_19)
FNDA:291,(anonymous_20)
FNDA:150,(anonymous_21)
FNDA:144,(anonymous_22)
FNDA:152,(anonymous_23)
FNDA:5,(anonymous_24)
FNDA:3,(anonymous_25)
FNDA:150,(anonymous_26)
FNDA:12,(anonymous_27)
FNDA:3,onError
FNDA:27,(anonymous_29)
FNDA:11,(anonymous_30)
FNDA:214,(anonymous_31)
FNDA:114,(anonymous_32)
FNDA:119,parseSync
FNDA:80,finish
FNDA:48,(anonymous_35)
DA:9,1
DA:10,1
DA:11,1
DA:12,1
DA:13,1
DA:14,1
DA:15,1
DA:16,1
DA:17,1
DA:19,1
DA:20,210
DA:21,210
DA:22,210
DA:23,210
DA:24,210
DA:25,210
DA:27,1
DA:29,1
DA:30,14
DA:31,12
DA:33,14
DA:34,4
DA:36,14
DA:39,1
DA:40,4
DA:41,0
DA:43,4
DA:44,0
DA:46,4
DA:49,1
DA:50,22
DA:53,1
DA:54,4
DA:57,1
DA:58,2
DA:59,2
DA:61,2
DA:64,1
DA:65,8
DA:68,1
DA:69,2
DA:73,1
DA:74,2
DA:75,2
DA:77,2
DA:78,1
DA:79,1
DA:80,2
DA:82,1
DA:84,2
DA:85,2
DA:88,1
DA:89,0
DA:92,1
DA:93,0
DA:96,1
DA:97,1
DA:98,1
DA:101,1
DA:102,37
DA:103,37
DA:106,1
DA:107,6
DA:110,1
DA:111,0
DA:114,1
DA:115,211
DA:116,211
DA:117,211
DA:118,212
DA:122,1
DA:123,210
DA:124,210
DA:125,210
DA:126,210
DA:127,4
DA:128,4
DA:129,1
DA:130,1
DA:135,210
DA:136,2
DA:138,210
DA:141,1
DA:142,212
DA:143,212
DA:144,212
DA:145,218
DA:147,212
DA:150,1
DA:151,218
DA:152,218
DA:153,218
DA:154,218
DA:155,218
DA:156,291
DA:157,291
DA:159,218
DA:162,1
DA:163,291
DA:165,291
DA:166,150
DA:167,2
DA:168,2
DA:169,148
DA:170,2
DA:171,2
DA:172,2
DA:173,146
DA:174,2
DA:175,2
DA:176,2
DA:177,2
DA:179,150
DA:180,144
DA:185,1
DA:186,152
DA:187,152
DA:188,152
DA:190,152
DA:191,134
DA:193,18
DA:194,13
DA:197,5
DA:198,5
DA:202,5
DA:203,3
DA:206,2
DA:209,1
DA:210,5
DA:211,5
DA:212,0
DA:214,5
DA:215,17
DA:216,17
DA:217,17
DA:218,17
DA:219,0
DA:222,17
DA:223,16
DA:225,1
DA:228,5
DA:229,5
DA:230,5
DA:233,1
DA:234,3
DA:235,3
DA:237,3
DA:238,0
DA:240,3
DA:241,0
DA:244,3
DA:247,1
DA:248,150
DA:249,150
DA:250,150
DA:251,150
DA:252,150
DA:253,150
DA:254,150
DA:255,150
DA:256,150
DA:257,150
DA:258,150
DA:259,150
DA:261,150
DA:262,150
DA:265,150
DA:267,150
DA:268,2
DA:269,2
DA:270,2
DA:274,150
DA:275,2
DA:276,2
DA:279,150
DA:280,0
DA:281,150
DA:282,150
DA:284,0
DA:287,150
DA:288,148
DA:291,150
DA:294,150
DA:295,150
DA:298,150
DA:299,0
DA:300,150
DA:301,1
DA:303,150
DA:304,9
DA:305,9
DA:306,9
DA:308,141
DA:310,141
DA:312,150
DA:336,150
DA:337,0
DA:340,150
DA:341,150
DA:342,150
DA:344,150
DA:346,150
DA:347,150
DA:349,150
DA:350,12
DA:351,12
DA:354,2
DA:358,150
DA:359,31
DA:360,31
DA:361,31
DA:362,31
DA:363,31
DA:364,3
DA:365,3
DA:366,3
DA:367,3
DA:369,3
DA:371,31
DA:372,31
DA:373,27
DA:377,27
DA:378,11
DA:379,11
DA:380,11
DA:381,11
DA:382,11
DA:384,11
DA:387,11
DA:390,16
DA:391,214
DA:392,214
DA:393,214
DA:394,214
DA:396,214
DA:397,213
DA:398,213
DA:399,213
DA:400,213
DA:403,1
DA:406,31
DA:409,119
DA:410,114
DA:411,114
DA:412,114
DA:413,114
DA:415,114
DA:416,6
DA:418,108
DA:424,119
DA:425,119
DA:429,40
DA:430,12
DA:432,12
DA:433,12
DA:434,10
DA:437,30
DA:438,30
DA:439,30
DA:440,30
DA:442,79
DA:448,80
DA:450,1
DA:453,79
DA:454,4
DA:455,4
DA:456,4
DA:457,4
DA:461,75
DA:462,2
DA:465,73
DA:469,73
DA:470,20
DA:472,73
DA:473,16
DA:474,48
DA:475,5
DA:480,73
DA:484,119
DA:485,118
DA:488,1
LF:281
LH:268
BRDA:21,0,0,210
BRDA:21,0,1,0
BRDA:25,1,0,210
BRDA:25,1,1,206
BRDA:30,2,0,12
BRDA:30,2,1,2
BRDA:33,3,0,4
BRDA:33,3,1,10
BRDA:40,4,0,0
BRDA:40,4,1,4
BRDA:43,5,0,0
BRDA:43,5,1,4
BRDA:58,6,0,2
BRDA:58,6,1,0
BRDA:74,7,0,2
BRDA:74,7,1,0
BRDA:77,8,0,1
BRDA:77,8,1,1
BRDA:84,9,0,1
BRDA:84,9,1,1
BRDA:124,10,0,210
BRDA:124,10,1,209
BRDA:125,11,0,210
BRDA:125,11,1,208
BRDA:126,12,0,4
BRDA:126,12,1,206
BRDA:127,13,0,4
BRDA:127,13,1,0
BRDA:128,14,0,1
BRDA:128,14,1,3
BRDA:129,15,0,1
BRDA:129,15,1,0
BRDA:135,16,0,2
BRDA:135,16,1,208
BRDA:145,17,0,125
BRDA:145,17,1,93
BRDA:166,18,0,2
BRDA:166,18,1,148
BRDA:169,19,0,2
BRDA:169,19,1,146
BRDA:173,20,0,2
BRDA:173,20,1,144
BRDA:190,21,0,134
BRDA:190,21,1,18
BRDA:190,22,0,152
BRDA:190,22,1,134
BRDA:193,23,0,13
BRDA:193,23,1,5
BRDA:202,24,0,3
BRDA:202,24,1,2
BRDA:211,25,0,0
BRDA:211,25,1,5
BRDA:218,26,0,0
BRDA:218,26,1,17
BRDA:222,27,0,16
BRDA:222,27,1,1
BRDA:237,28,0,0
BRDA:237,28,1,3
BRDA:237,29,0,3
BRDA:237,29,1,0
BRDA:240,30,0,0
BRDA:240,30,1,3
BRDA:267,31,0,2
BRDA:267,31,1,148
BRDA:269,32,0,2
BRDA:269,32,1,0
BRDA:274,33,0,2
BRDA:274,33,1,148
BRDA:279,34,0,0
BRDA:279,34,1,150
BRDA:281,35,0,150
BRDA:281,35,1,0
BRDA:281,36,0,150
BRDA:281,36,1,150
BRDA:284,37,0,0
BRDA:284,37,1,0
BRDA:287,38,0,148
BRDA:287,38,1,2
BRDA:291,39,0,150
BRDA:291,39,1,75
BRDA:298,40,0,0
BRDA:298,40,1,150
BRDA:298,41,0,150
BRDA:298,41,1,6
BRDA:300,42,0,1
BRDA:300,42,1,149
BRDA:300,43,0,150
BRDA:300,43,1,6
BRDA:303,44,0,9
BRDA:303,44,1,141
BRDA:303,45,0,150
BRDA:303,45,1,9
BRDA:303,45,2,2
BRDA:303,45,3,1
BRDA:304,46,0,9
BRDA:304,46,1,9
BRDA:306,47,0,9
BRDA:306,47,1,0
BRDA:308,48,0,141
BRDA:308,48,1,141
BRDA:310,49,0,141
BRDA:310,49,1,123
BRDA:318,50,0,12
BRDA:318,50,1,138
BRDA:318,51,0,150
BRDA:318,51,1,144
BRDA:321,52,0,6
BRDA:321,52,1,6
BRDA:322,53,0,6
BRDA:322,53,1,6
BRDA:322,54,0,12
BRDA:322,54,1,6
BRDA:329,55,0,2
BRDA:329,55,1,148
BRDA:330,56,0,0
BRDA:330,56,1,150
BRDA:330,57,0,150
BRDA:330,57,1,6
BRDA:336,58,0,0
BRDA:336,58,1,150
BRDA:336,59,0,150
BRDA:336,59,1,6
BRDA:344,60,0,150
BRDA:344,60,1,148
BRDA:358,61,0,31
BRDA:358,61,1,119
BRDA:358,62,0,150
BRDA:358,62,1,31
BRDA:377,63,0,11
BRDA:377,63,1,16
BRDA:377,64,0,27
BRDA:377,64,1,23
BRDA:377,64,2,23
BRDA:380,65,0,11
BRDA:380,65,1,11
BRDA:392,66,0,214
BRDA:392,66,1,214
BRDA:396,67,0,213
BRDA:396,67,1,1
BRDA:411,68,0,114
BRDA:411,68,1,108
BRDA:412,69,0,114
BRDA:412,69,1,108
BRDA:415,70,0,6
BRDA:415,70,1,108
BRDA:429,71,0,12
BRDA:429,71,1,28
BRDA:429,72,0,40
BRDA:429,72,1,40
BRDA:432,73,0,0
BRDA:432,73,1,12
BRDA:433,74,0,10
BRDA:433,74,1,2
BRDA:448,75,0,1
BRDA:448,75,1,79
BRDA:453,76,0,4
BRDA:453,76,1,75
BRDA:461,77,0,2
BRDA:461,77,1,73
BRDA:469,78,0,20
BRDA:469,78,1,53
BRDA:472,79,0,16
BRDA:472,79,1,57
BRDA:474,80,0,5
BRDA:474,80,1,43
BRDA:484,81,0,118
BRDA:484,81,1,1
BRDA:484,82,0,119
BRDA:484,82,1,119
BRF:169
BRH:147
end_of_record
TN:
SF:/home/alan/dev/amodev/node-soap/lib/http.js
FN:21,HttpClient
FN:34,(anonymous_1)
FN:95,(anonymous_2)
FN:109,(anonymous_3)
FN:113,(anonymous_4)
FN:124,(anonymous_5)
FNF:6
FNH:6
FNDA:214,HttpClient
FNDA:159,(anonymous_1)
FNDA:114,(anonymous_2)
FNDA:125,(anonymous_3)
FNDA:120,(anonymous_4)
FNDA:31,(anonymous_5)
DA:8,1
DA:9,1
DA:10,1
DA:12,1
DA:22,214
DA:23,214
DA:34,1
DA:35,159
DA:36,159
DA:37,159
DA:38,159
DA:39,159
DA:40,159
DA:41,159
DA:51,159
DA:53,159
DA:54,150
DA:55,150
DA:58,159
DA:59,159
DA:60,324
DA:63,159
DA:71,159
DA:74,159
DA:75,159
DA:76,20
DA:77,8
DA:78,8
DA:81,12
DA:84,159
DA:85,159
DA:95,1
DA:96,114
DA:97,114
DA:101,114
DA:102,114
DA:103,87
DA:106,114
DA:109,1
DA:110,125
DA:111,125
DA:112,125
DA:113,125
DA:114,120
DA:115,9
DA:117,111
DA:118,111
DA:121,125
DA:124,1
DA:125,31
DA:126,31
DA:127,31
DA:130,1
LF:53
LH:53
BRDA:22,0,0,214
BRDA:22,0,1,0
BRDA:23,1,0,214
BRDA:23,1,1,209
BRDA:39,2,0,159
BRDA:39,2,1,0
BRDA:39,3,0,159
BRDA:39,3,1,92
BRDA:39,4,0,159
BRDA:39,4,1,159
BRDA:40,5,0,150
BRDA:40,5,1,9
BRDA:47,6,0,9
BRDA:47,6,1,150
BRDA:53,7,0,150
BRDA:53,7,1,9
BRDA:58,8,0,159
BRDA:58,8,1,9
BRDA:74,9,0,159
BRDA:74,9,1,9
BRDA:76,10,0,8
BRDA:76,10,1,12
BRDA:97,11,0,114
BRDA:97,11,1,0
BRDA:102,12,0,87
BRDA:102,12,1,27
BRDA:114,13,0,9
BRDA:114,13,1,111
BRF:28
BRH:25
end_of_record
TN:
SF:/home/alan/dev/amodev/node-soap/lib/nscontext.js
FN:11,NamespaceScope
FN:24,NamespaceContext
FN:39,(anonymous_2)
FN:58,(anonymous_3)
FN:91,(anonymous_4)
FN:119,(anonymous_5)
FN:138,(anonymous_6)
FN:149,(anonymous_7)
FN:165,(anonymous_8)
FN:175,(anonymous_9)
FN:184,(anonymous_10)
FN:209,(anonymous_11)
FNF:12
FNH:12
FNDA:711,NamespaceScope
FNDA:170,NamespaceContext
FNDA:266,(anonymous_2)
FNDA:558,(anonymous_3)
FNDA:472,(anonymous_4)
FNDA:106,(anonymous_5)
FNDA:711,(anonymous_6)
FNDA:711,(anonymous_7)
FNDA:115,(anonymous_8)
FNDA:204,(anonymous_9)
FNDA:204,(anonymous_10)
FNDA:326,(anonymous_11)
DA:3,1
DA:12,711
DA:13,0
DA:15,711
DA:16,711
DA:25,170
DA:26,0
DA:28,170
DA:29,170
DA:30,170
DA:39,1
DA:40,266
DA:42,0
DA:44,0
DA:46,266
DA:48,266
DA:49,64
DA:50,202
DA:51,151
DA:53,51
DA:58,1
DA:59,558
DA:61,0
DA:67,0
DA:73,558
DA:75,558
DA:76,149
DA:77,409
DA:78,232
DA:80,177
DA:91,1
DA:92,472
DA:94,0
DA:96,0
DA:98,472
DA:99,230
DA:100,195
DA:103,277
DA:104,268
DA:106,9
DA:119,1
DA:120,106
DA:121,56
DA:123,50
DA:124,50
DA:129,50
DA:131,0
DA:138,1
DA:139,711
DA:140,711
DA:141,711
DA:142,711
DA:149,1
DA:150,711
DA:151,711
DA:152,711
DA:154,0
DA:156,711
DA:165,1
DA:166,115
DA:175,1
DA:176,204
DA:184,1
DA:185,204
DA:186,204
DA:188,195
DA:191,9
DA:192,9
DA:193,9
DA:195,9
DA:199,9
DA:200,9
DA:209,1
DA:210,326
DA:211,326
DA:212,326
DA:213,112
DA:215,214
DA:220,214
DA:222,0
LF:80
LH:69
BRDA:12,0,0,0
BRDA:12,0,1,711
BRDA:25,1,0,0
BRDA:25,1,1,170
BRDA:40,2,0,0
BRDA:40,2,1,0
BRDA:40,2,2,266
BRDA:48,3,0,64
BRDA:48,3,1,202
BRDA:50,4,0,151
BRDA:50,4,1,51
BRDA:50,5,0,202
BRDA:50,5,1,193
BRDA:59,6,0,0
BRDA:59,6,1,0
BRDA:59,6,2,558
BRDA:75,7,0,149
BRDA:75,7,1,409
BRDA:77,8,0,232
BRDA:77,8,1,177
BRDA:92,9,0,0
BRDA:92,9,1,0
BRDA:92,9,2,472
BRDA:99,10,0,195
BRDA:99,10,1,35
BRDA:103,11,0,268
BRDA:103,11,1,9
BRDA:103,12,0,277
BRDA:103,12,1,277
BRDA:120,13,0,56
BRDA:120,13,1,50
BRDA:123,14,0,50
BRDA:123,14,1,0
BRDA:151,15,0,711
BRDA:151,15,1,0
BRDA:166,16,0,115
BRDA:166,16,1,115
BRDA:176,17,0,204
BRDA:176,17,1,204
BRDA:186,18,0,195
BRDA:186,18,1,9
BRDA:193,19,0,9
BRDA:193,19,1,0
BRDA:210,20,0,326
BRDA:210,20,1,0
BRDA:212,21,0,112
BRDA:212,21,1,214
BRDA:212,22,0,326
BRDA:212,22,1,149
BRDA:212,22,2,149
BRF:50
BRH:38
end_of_record
TN:
SF:/home/alan/dev/amodev/node-soap/lib/server.js
FN:8,getDateString
FN:9,pad
FN:31,(anonymous_2)
FN:44,(anonymous_3)
FN:47,(anonymous_4)
FN:59,(anonymous_5)
FN:85,(anonymous_6)
FN:95,(anonymous_7)
FN:105,(anonymous_8)
FN:109,(anonymous_9)
FN:113,(anonymous_10)
FN:117,(anonymous_11)
FN:125,(anonymous_12)
FN:137,(anonymous_13)
FN:157,(anonymous_14)
FN:194,(anonymous_15)
FN:199,(anonymous_16)
FN:215,(anonymous_17)
FN:246,(anonymous_18)
FN:324,(anonymous_19)
FN:342,handleResult
FN:376,(anonymous_21)
FN:417,(anonymous_22)
FNF:23
FNH:23
FNDA:4,getDateString
FNDA:20,pad
FNDA:37,(anonymous_2)
FNDA:37,(anonymous_3)
FNDA:3,(anonymous_4)
FNDA:33,(anonymous_5)
FNDA:3,(anonymous_6)
FNDA:3,(anonymous_7)
FNDA:5,(anonymous_8)
FNDA:1,(anonymous_9)
FNDA:37,(anonymous_10)
FNDA:29,(anonymous_11)
FNDA:22,(anonymous_12)
FNDA:1,(anonymous_13)
FNDA:32,(anonymous_14)
FNDA:27,(anonymous_15)
FNDA:28,(anonymous_16)
FNDA:29,(anonymous_17)
FNDA:23,(anonymous_18)
FNDA:22,(anonymous_19)
FNDA:18,handleResult
FNDA:22,(anonymous_21)
FNDA:5,(anonymous_22)
DA:10,20
DA:12,4
DA:20,1
DA:21,1
DA:22,1
DA:23,1
DA:24,1
DA:26,1
DA:27,1
DA:31,1
DA:32,37
DA:34,37
DA:36,37
DA:37,37
DA:38,37
DA:39,37
DA:40,37
DA:42,37
DA:43,37
DA:44,37
DA:45,37
DA:47,2
DA:48,3
DA:49,0
DA:50,0
DA:51,0
DA:54,3
DA:57,35
DA:58,35
DA:59,35
DA:60,33
DA:61,0
DA:62,0
DA:63,0
DA:66,33
DA:67,33
DA:68,29
DA:70,33
DA:71,29
DA:73,4
DA:74,4
DA:81,37
DA:83,1
DA:85,1
DA:86,3
DA:87,2
DA:89,3
DA:90,0
DA:92,3
DA:95,1
DA:96,3
DA:97,0
DA:99,3
DA:100,1
DA:102,3
DA:105,1
DA:106,5
DA:109,1
DA:110,1
DA:113,1
DA:114,37
DA:117,1
DA:118,29
DA:121,29
DA:122,29
DA:123,0
DA:125,29
DA:126,22
DA:127,1
DA:129,22
DA:130,22
DA:131,22
DA:132,0
DA:136,7
DA:137,1
DA:138,1
DA:139,1
DA:140,1
DA:141,1
DA:142,0
DA:146,6
DA:147,6
DA:148,6
DA:149,6
DA:150,6
DA:151,0
DA:157,1
DA:158,32
DA:159,32
DA:160,32
DA:161,32
DA:163,32
DA:164,0
DA:167,32
DA:168,3
DA:169,3
DA:170,0
DA:172,3
DA:173,3
DA:175,3
DA:176,29
DA:177,29
DA:178,28
DA:180,1
DA:185,29
DA:186,1
DA:189,28
DA:190,28
DA:191,0
DA:192,0
DA:194,28
DA:195,27
DA:196,0
DA:197,27
DA:199,28
DA:200,28
DA:203,28
DA:204,0
DA:205,0
DA:207,28
DA:211,0
DA:215,1
DA:216,29
DA:217,29
DA:218,29
DA:219,25
DA:220,25
DA:221,25
DA:224,25
DA:226,25
DA:227,0
DA:228,0
DA:230,0
DA:231,0
DA:235,25
DA:236,0
DA:241,25
DA:242,2
DA:246,23
DA:247,23
DA:250,23
DA:251,23
DA:252,23
DA:253,23
DA:254,23
DA:255,23
DA:256,23
DA:257,23
DA:259,23
DA:260,0
DA:263,23
DA:264,23
DA:267,0
DA:268,0
DA:272,0
DA:275,23
DA:276,0
DA:279,23
DA:280,23
DA:281,2
DA:283,2
DA:284,2
DA:285,0
DA:287,2
DA:297,21
DA:298,21
DA:300,21
DA:301,21
DA:302,4
DA:304,20
DA:316,4
DA:317,3
DA:320,1
DA:324,1
DA:325,22
DA:326,22
DA:328,22
DA:329,22
DA:330,22
DA:331,22
DA:332,22
DA:333,22
DA:334,22
DA:336,22
DA:337,22
DA:339,0
DA:343,18
DA:344,0
DA:345,18
DA:347,18
DA:348,1
DA:350,17
DA:352,15
DA:355,17
DA:356,2
DA:358,15
DA:359,15
DA:361,17
DA:364,22
DA:366,1
DA:367,1
DA:370,22
DA:371,19
DA:372,14
DA:376,1
DA:377,22
DA:378,22
DA:379,22
DA:380,22
DA:381,22
DA:385,22
DA:387,22
DA:388,2
DA:389,2
DA:390,2
DA:392,2
DA:402,22
DA:403,1
DA:406,22
DA:407,3
DA:410,22
DA:414,22
DA:417,1
DA:418,5
DA:422,5
DA:423,2
DA:424,2
DA:427,5
DA:431,2
DA:437,3
DA:440,5
DA:443,1
LF:232
LH:199
BRDA:10,0,0,4
BRDA:10,0,1,16
BRDA:36,1,0,37
BRDA:36,1,1,0
BRDA:40,2,0,37
BRDA:40,2,1,37
BRDA:42,3,0,37
BRDA:42,3,1,0
BRDA:45,4,0,2
BRDA:45,4,1,35
BRDA:45,5,0,37
BRDA:45,5,1,2
BRDA:48,6,0,0
BRDA:48,6,1,3
BRDA:49,7,0,0
BRDA:49,7,1,0
BRDA:60,8,0,0
BRDA:60,8,1,33
BRDA:61,9,0,0
BRDA:61,9,1,0
BRDA:67,10,0,29
BRDA:67,10,1,4
BRDA:70,11,0,29
BRDA:70,11,1,4
BRDA:86,12,0,2
BRDA:86,12,1,1
BRDA:89,13,0,0
BRDA:89,13,1,3
BRDA:96,14,0,0
BRDA:96,14,1,3
BRDA:99,15,0,1
BRDA:99,15,1,2
BRDA:114,16,0,37
BRDA:114,16,1,37
BRDA:122,17,0,0
BRDA:122,17,1,29
BRDA:126,18,0,1
BRDA:126,18,1,21
BRDA:131,19,0,0
BRDA:131,19,1,22
BRDA:136,20,0,1
BRDA:136,20,1,6
BRDA:138,21,0,1
BRDA:138,21,1,0
BRDA:141,22,0,0
BRDA:141,22,1,1
BRDA:146,23,0,6
BRDA:146,23,1,0
BRDA:146,24,0,1
BRDA:146,24,1,5
BRDA:150,25,0,0
BRDA:150,25,1,6
BRDA:163,26,0,0
BRDA:163,26,1,32
BRDA:167,27,0,3
BRDA:167,27,1,29
BRDA:168,28,0,3
BRDA:168,28,1,0
BRDA:168,29,0,3
BRDA:168,29,1,3
BRDA:169,30,0,0
BRDA:169,30,1,3
BRDA:176,31,0,29
BRDA:176,31,1,0
BRDA:177,32,0,28
BRDA:177,32,1,1
BRDA:185,33,0,1
BRDA:185,33,1,28
BRDA:190,34,0,0
BRDA:190,34,1,28
BRDA:190,35,0,28
BRDA:190,35,1,28
BRDA:195,36,0,0
BRDA:195,36,1,27
BRDA:203,37,0,0
BRDA:203,37,1,28
BRDA:224,38,0,25
BRDA:224,38,1,4
BRDA:224,38,2,1
BRDA:226,39,0,0
BRDA:226,39,1,25
BRDA:227,40,0,0
BRDA:227,40,1,0
BRDA:227,41,0,0
BRDA:227,41,1,0
BRDA:230,42,0,0
BRDA:230,42,1,0
BRDA:235,43,0,0
BRDA:235,43,1,25
BRDA:241,44,0,2
BRDA:241,44,1,23
BRDA:259,45,0,0
BRDA:259,45,1,23
BRDA:263,46,0,23
BRDA:263,46,1,0
BRDA:267,47,0,0
BRDA:267,47,1,0
BRDA:272,48,0,0
BRDA:272,48,1,0
BRDA:275,49,0,0
BRDA:275,49,1,23
BRDA:280,50,0,2
BRDA:280,50,1,21
BRDA:284,51,0,0
BRDA:284,51,1,2
BRDA:297,52,0,2
BRDA:297,52,1,19
BRDA:301,53,0,4
BRDA:301,53,1,17
BRDA:316,54,0,3
BRDA:316,54,1,1
BRDA:325,55,0,22
BRDA:325,55,1,0
BRDA:343,56,0,0
BRDA:343,56,1,18
BRDA:347,57,0,1
BRDA:347,57,1,17
BRDA:347,58,0,18
BRDA:347,58,1,16
BRDA:350,59,0,15
BRDA:350,59,1,2
BRDA:355,60,0,2
BRDA:355,60,1,15
BRDA:364,61,0,1
BRDA:364,61,1,21
BRDA:371,62,0,14
BRDA:371,62,1,5
BRDA:387,63,0,2
BRDA:387,63,1,20
BRDA:402,64,0,1
BRDA:402,64,1,21
BRDA:406,65,0,3
BRDA:406,65,1,19
BRDA:422,66,0,2
BRDA:422,66,1,3
BRDA:427,67,0,2
BRDA:427,67,1,3
BRF:137
BRH:96
end_of_record
TN:
SF:/home/alan/dev/amodev/node-soap/lib/soap.js
FN:16,createCache
FN:18,(anonymous_1)
FN:20,(anonymous_2)
FN:28,(anonymous_3)
FN:36,_requestWSDL
FN:50,createClient
FN:57,(anonymous_6)
FN:62,listen
FNF:8
FNH:8
FNDA:1,createCache
FNDA:211,(anonymous_1)
FNDA:105,(anonymous_2)
FNDA:106,(anonymous_3)
FNDA:215,_requestWSDL
FNDA:215,createClient
FNDA:215,(anonymous_6)
FNDA:37,listen
DA:8,1
DA:9,1
DA:10,1
DA:11,1
DA:12,1
DA:13,1
DA:14,1
DA:17,1
DA:18,1
DA:19,211
DA:20,105
DA:21,105
DA:22,5
DA:24,100
DA:25,100
DA:28,106
DA:29,106
DA:34,1
DA:37,215
DA:38,0
DA:39,0
DA:41,215
DA:43,215
DA:44,4
DA:46,211
DA:51,215
DA:52,45
DA:53,45
DA:54,45
DA:56,215
DA:57,215
DA:58,215
DA:63,37
DA:64,37
DA:65,37
DA:67,37
DA:68,6
DA:69,6
DA:70,6
DA:71,6
DA:72,6
DA:75,37
DA:76,37
DA:79,1
DA:80,1
DA:81,1
DA:82,1
DA:83,1
DA:84,1
DA:85,1
DA:86,1
DA:87,1
DA:88,1
DA:89,1
DA:92,1
DA:93,1
DA:94,1
LF:57
LH:55
BRDA:19,0,0,105
BRDA:19,0,1,106
BRDA:21,1,0,5
BRDA:21,1,1,100
BRDA:37,2,0,0
BRDA:37,2,1,215
BRDA:43,3,0,4
BRDA:43,3,1,211
BRDA:51,4,0,45
BRDA:51,4,1,170
BRDA:56,5,0,215
BRDA:56,5,1,215
BRDA:58,6,0,215
BRDA:58,6,1,210
BRDA:67,7,0,6
BRDA:67,7,1,31
BRDA:75,8,0,37
BRDA:75,8,1,0
BRF:18
BRH:16
end_of_record
TN:
SF:/home/alan/dev/amodev/node-soap/lib/utils.js
FN:4,passwordDigest
FN:23,(anonymous_1)
FNF:2
FNH:1
FNDA:0,passwordDigest
FNDA:174,(anonymous_1)
DA:3,1
DA:4,1
DA:6,0
DA:7,0
DA:8,0
DA:9,0
DA:13,1
DA:15,1
DA:23,1
DA:24,174
DA:25,598
DA:26,521
DA:27,105
LF:13
LH:9
BRDA:7,0,0,0
BRDA:7,0,1,0
BRDA:25,1,0,77
BRDA:25,1,1,521
BRDA:26,2,0,105
BRDA:26,2,1,416
BRF:6
BRH:4
end_of_record
TN:
SF:/home/alan/dev/amodev/node-soap/lib/wsdl.js
FN:61,splitQName
FN:67,xmlEscape
FN:86,trim
FN:90,deepMerge
FN:91,(anonymous_4)
FN:96,(anonymous_5)
FN:126,(anonymous_6)
FN:138,(anonymous_7)
FN:148,(anonymous_8)
FN:165,(anonymous_9)
FN:180,(anonymous_10)
FN:184,(anonymous_11)
FN:188,(anonymous_12)
FN:192,(anonymous_13)
FN:195,(anonymous_14)
FN:197,(anonymous_15)
FN:263,mapElementTypes
FN:266,(anonymous_17)
FN:277,(anonymous_18)
FN:282,(anonymous_19)
FN:289,(anonymous_20)
FN:293,(anonymous_21)
FN:302,(anonymous_22)
FN:306,(anonymous_23)
FN:312,(anonymous_24)
FN:316,(anonymous_25)
FN:320,(anonymous_26)
FN:329,(anonymous_27)
FN:332,(anonymous_28)
FN:344,(anonymous_29)
FN:369,(anonymous_30)
FN:381,(anonymous_31)
FN:391,(anonymous_32)
FN:401,(anonymous_33)
FN:409,(anonymous_34)
FN:417,(anonymous_35)
FN:423,(anonymous_36)
FN:452,(anonymous_37)
FN:507,removeEmptyLookupTypes
FN:589,(anonymous_39)
FN:614,(anonymous_40)
FN:627,(anonymous_41)
FN:639,(anonymous_42)
FN:664,(anonymous_43)
FN:679,(anonymous_44)
FN:711,(anonymous_45)
FN:735,(anonymous_46)
FN:744,(anonymous_47)
FN:761,(anonymous_48)
FN:769,(anonymous_49)
FN:774,(anonymous_50)
FN:805,(anonymous_51)
FN:809,(anonymous_52)
FN:824,(anonymous_53)
FN:834,(anonymous_54)
FN:844,(anonymous_55)
FN:878,(anonymous_56)
FN:924,(anonymous_57)
FN:939,(anonymous_58)
FN:951,(anonymous_59)
FN:960,(anonymous_60)
FN:969,(anonymous_61)
FN:978,(anonymous_62)
FN:987,(anonymous_63)
FN:996,(anonymous_64)
FN:1001,(anonymous_65)
FN:1021,(anonymous_66)
FN:1028,(anonymous_67)
FN:1086,(anonymous_68)
FN:1138,(anonymous_69)
FN:1143,(anonymous_70)
FN:1163,(anonymous_71)
FN:1171,(anonymous_72)
FN:1177,(anonymous_73)
FN:1183,(anonymous_74)
FN:1195,(anonymous_75)
FN:1204,(anonymous_76)
FN:1208,(anonymous_77)
FN:1237,(anonymous_78)
FN:1347,(anonymous_79)
FN:1386,(anonymous_80)
FN:1405,(anonymous_81)
FN:1417,(anonymous_82)
FN:1461,(anonymous_83)
FN:1464,(anonymous_84)
FN:1479,finish
FN:1510,(anonymous_86)
FN:1541,(anonymous_87)
FN:1556,(anonymous_88)
FN:1585,appendColon
FN:1589,noColonNameSpace
FN:1593,(anonymous_91)
FN:1597,(anonymous_92)
FN:1617,(anonymous_93)
FN:1640,(anonymous_94)
FN:1876,(anonymous_95)
FN:1922,(anonymous_96)
FN:1935,(anonymous_97)
FN:2017,(anonymous_98)
FN:2026,(anonymous_99)
FN:2061,(anonymous_100)
FN:2073,(anonymous_101)
FN:2081,(anonymous_102)
FN:2087,(anonymous_103)
FN:2136,open_wsdl_recursive
FN:2154,open_wsdl
FN:2168,(anonymous_106)
FN:2183,(anonymous_107)
FNF:108
FNH:101
FNDA:139206,splitQName
FNDA:280,xmlEscape
FNDA:1292,trim
FNDA:0,deepMerge
FNDA:0,(anonymous_4)
FNDA:65317,(anonymous_5)
FNDA:65317,(anonymous_6)
FNDA:1991,(anonymous_7)
FNDA:64728,(anonymous_8)
FNDA:65016,(anonymous_9)
FNDA:57415,(anonymous_10)
FNDA:1018,(anonymous_11)
FNDA:8,(anonymous_12)
FNDA:60182,(anonymous_13)
FNDA:24,(anonymous_14)
FNDA:62588,(anonymous_15)
FNDA:25,mapElementTypes
FNDA:72,(anonymous_17)
FNDA:420,(anonymous_18)
FNDA:294,(anonymous_19)
FNDA:283,(anonymous_20)
FNDA:476,(anonymous_21)
FNDA:147,(anonymous_22)
FNDA:153,(anonymous_23)
FNDA:155,(anonymous_24)
FNDA:147,(anonymous_25)
FNDA:294,(anonymous_26)
FNDA:37,(anonymous_27)
FNDA:105,(anonymous_28)
FNDA:4119,(anonymous_29)
FNDA:291,(anonymous_30)
FNDA:245,(anonymous_31)
FNDA:162,(anonymous_32)
FNDA:1082,(anonymous_33)
FNDA:399,(anonymous_34)
FNDA:154,(anonymous_35)
FNDA:1156,(anonymous_36)
FNDA:412,(anonymous_37)
FNDA:578,removeEmptyLookupTypes
FNDA:264,(anonymous_39)
FNDA:826,(anonymous_40)
FNDA:586,(anonymous_41)
FNDA:472,(anonymous_42)
FNDA:150,(anonymous_43)
FNDA:152,(anonymous_44)
FNDA:147,(anonymous_45)
FNDA:14,(anonymous_46)
FNDA:14,(anonymous_47)
FNDA:0,(anonymous_48)
FNDA:33,(anonymous_49)
FNDA:54,(anonymous_50)
FNDA:26,(anonymous_51)
FNDA:983,(anonymous_52)
FNDA:28,(anonymous_53)
FNDA:27,(anonymous_54)
FNDA:4276,(anonymous_55)
FNDA:2936,(anonymous_56)
FNDA:918,(anonymous_57)
FNDA:4,(anonymous_58)
FNDA:128,(anonymous_59)
FNDA:0,(anonymous_60)
FNDA:58,(anonymous_61)
FNDA:39,(anonymous_62)
FNDA:37,(anonymous_63)
FNDA:296,(anonymous_64)
FNDA:0,(anonymous_65)
FNDA:296,(anonymous_66)
FNDA:294,(anonymous_67)
FNDA:296,(anonymous_68)
FNDA:296,(anonymous_69)
FNDA:519,(anonymous_70)
FNDA:226,(anonymous_71)
FNDA:2701,(anonymous_72)
FNDA:225,(anonymous_73)
FNDA:294,(anonymous_74)
FNDA:37,(anonymous_75)
FNDA:3,(anonymous_76)
FNDA:165,(anonymous_77)
FNDA:890,(anonymous_78)
FNDA:879,(anonymous_79)
FNDA:2,(anonymous_80)
FNDA:27,(anonymous_81)
FNDA:1290,(anonymous_82)
FNDA:207,(anonymous_83)
FNDA:7,(anonymous_84)
FNDA:126,finish
FNDA:172,(anonymous_86)
FNDA:161,(anonymous_87)
FNDA:11,(anonymous_88)
FNDA:1022,appendColon
FNDA:1206,noColonNameSpace
FNDA:1846,(anonymous_91)
FNDA:0,(anonymous_92)
FNDA:711,(anonymous_93)
FNDA:2,(anonymous_94)
FNDA:541,(anonymous_95)
FNDA:380,(anonymous_96)
FNDA:1083,(anonymous_97)
FNDA:296,(anonymous_98)
FNDA:65022,(anonymous_99)
FNDA:65016,(anonymous_100)
FNDA:296,(anonymous_101)
FNDA:0,(anonymous_102)
FNDA:293,(anonymous_103)
FNDA:226,open_wsdl_recursive
FNDA:262,open_wsdl
FNDA:253,(anonymous_106)
FNDA:9,(anonymous_107)
DA:10,1
DA:11,1
DA:12,1
DA:13,1
DA:14,1
DA:15,1
DA:16,1
DA:17,1
DA:18,1
DA:19,1
DA:20,1
DA:21,1
DA:22,1
DA:23,1
DA:24,1
DA:26,1
DA:62,139206
DA:63,139206
DA:68,280
DA:69,216
DA:70,1
DA:72,215
DA:80,64
DA:83,1
DA:84,1
DA:87,1292
DA:91,0
DA:92,0
DA:96,1
DA:97,65317
DA:99,65317
DA:100,65317
DA:101,65317
DA:102,65317
DA:103,65317
DA:105,65317
DA:107,65317
DA:108,128783
DA:109,128783
DA:110,1483
DA:113,127300
DA:114,24409
DA:116,102891
DA:120,65317
DA:122,385
DA:126,1
DA:127,65317
DA:128,65314
DA:129,65314
DA:130,65314
DA:132,3
DA:133,3
DA:134,3
DA:138,1
DA:139,1991
DA:140,1991
DA:141,1991
DA:142,1991
DA:143,1991
DA:146,1
DA:148,1
DA:149,64728
DA:150,0
DA:153,64728
DA:154,64728
DA:156,64728
DA:157,63710
DA:160,1018
DA:165,1
DA:166,65016
DA:167,65016
DA:168,288
DA:169,64728
DA:170,64728
DA:171,64728
DA:173,64728
DA:174,64728
DA:176,64728
DA:180,1
DA:181,57415
DA:184,1
DA:185,1018
DA:188,1
DA:189,8
DA:192,1
DA:195,1
DA:196,24
DA:197,24
DA:198,62588
DA:199,62588
DA:202,24
DA:203,24
DA:207,1
DA:208,1
DA:209,1
DA:210,1
DA:211,1
DA:212,1
DA:213,1
DA:214,1
DA:215,1
DA:216,1
DA:217,1
DA:218,1
DA:219,1
DA:220,1
DA:221,1
DA:222,1
DA:224,1
DA:225,1
DA:226,1
DA:227,1
DA:228,1
DA:229,1
DA:230,1
DA:231,1
DA:233,1
DA:264,25
DA:265,25
DA:266,25
DA:267,72
DA:269,25
DA:272,1
DA:273,25
DA:274,25
DA:277,1
DA:278,420
DA:279,420
DA:282,1
DA:283,294
DA:284,294
DA:285,294
DA:286,294
DA:289,1
DA:290,283
DA:293,1
DA:294,476
DA:295,476
DA:296,476
DA:297,476
DA:298,476
DA:299,476
DA:302,1
DA:303,147
DA:306,1
DA:307,153
DA:308,153
DA:309,153
DA:312,1
DA:313,155
DA:316,1
DA:317,147
DA:320,1
DA:321,294
DA:322,294
DA:323,294
DA:324,294
DA:325,294
DA:326,294
DA:329,1
DA:332,1
DA:333,105
DA:334,105
DA:335,104
DA:336,104
DA:337,104
DA:338,104
DA:340,105
DA:344,1
DA:345,4119
DA:346,7
DA:347,4112
DA:348,240
DA:349,240
DA:350,227
DA:356,3872
DA:357,2601
DA:359,1271
DA:360,812
DA:362,459
DA:363,459
DA:365,4112
DA:369,1
DA:370,291
DA:372,291
DA:374,291
DA:375,291
DA:377,0
DA:381,1
DA:382,245
DA:383,240
DA:384,240
DA:385,27
DA:387,240
DA:391,1
DA:392,162
DA:393,160
DA:394,160
DA:395,24
DA:397,160
DA:401,1
DA:402,1082
DA:403,245
DA:404,245
DA:405,245
DA:409,1
DA:410,399
DA:411,154
DA:412,154
DA:413,154
DA:417,1
DA:418,154
DA:419,154
DA:423,1
DA:424,1156
DA:425,1156
DA:427,283
DA:429,873
DA:430,420
DA:432,453
DA:433,3
DA:434,3
DA:436,450
DA:437,147
DA:439,303
DA:440,153
DA:442,151
DA:444,150
DA:445,147
DA:447,3
DA:449,1156
DA:452,1
DA:453,412
DA:455,412
DA:461,412
DA:462,410
DA:463,409
DA:464,409
DA:468,412
DA:469,3
DA:472,409
DA:473,359
DA:476,359
DA:478,359
DA:479,359
DA:480,359
DA:481,359
DA:482,359
DA:483,10
DA:484,10
DA:486,349
DA:487,349
DA:491,349
DA:493,349
DA:496,349
DA:497,240
DA:498,240
DA:503,349
DA:504,240
DA:508,578
DA:511,240
DA:513,240
DA:514,264
DA:518,349
DA:520,349
DA:521,88
DA:522,88
DA:524,88
DA:525,87
DA:530,46
DA:531,46
DA:534,46
DA:535,45
DA:541,261
DA:542,261
DA:546,349
DA:549,50
DA:550,50
DA:551,50
DA:552,64
DA:554,1
DA:556,63
DA:557,63
DA:558,63
DA:559,63
DA:560,63
DA:561,63
DA:562,24
DA:564,39
DA:567,63
DA:568,24
DA:569,24
DA:572,63
DA:575,399
DA:589,1
DA:590,264
DA:591,264
DA:592,264
DA:593,264
DA:594,264
DA:595,264
DA:597,264
DA:598,264
DA:599,264
DA:601,264
DA:614,1
DA:615,826
DA:616,826
DA:618,826
DA:619,318
DA:620,263
DA:624,826
DA:625,487
DA:627,487
DA:628,586
DA:630,586
DA:631,586
DA:636,826
DA:639,1
DA:640,472
DA:641,472
DA:642,829
DA:643,19
DA:644,810
DA:645,398
DA:646,398
DA:647,398
DA:649,412
DA:650,412
DA:651,412
DA:652,412
DA:653,349
DA:654,349
DA:657,63
DA:659,412
DA:661,472
DA:664,1
DA:665,150
DA:666,150
DA:667,4
DA:668,146
DA:669,230
DA:670,0
DA:671,230
DA:672,230
DA:673,230
DA:675,146
DA:676,146
DA:679,1
DA:680,152
DA:681,152
DA:682,152
DA:683,152
DA:684,152
DA:685,150
DA:686,150
DA:688,150
DA:689,242
DA:690,0
DA:691,242
DA:692,242
DA:693,242
DA:694,242
DA:696,242
DA:697,233
DA:698,233
DA:699,233
DA:700,233
DA:701,233
DA:702,233
DA:706,152
DA:707,152
DA:708,152
DA:711,1
DA:712,147
DA:713,147
DA:714,147
DA:715,146
DA:716,163
DA:717,9
DA:718,154
DA:719,154
DA:720,154
DA:721,152
DA:722,152
DA:726,152
DA:730,147
DA:731,147
DA:735,1
DA:736,14
DA:737,14
DA:738,14
DA:739,14
DA:741,0
DA:744,1
DA:745,14
DA:747,14
DA:748,33
DA:750,0
DA:751,0
DA:754,14
DA:755,0
DA:756,0
DA:757,0
DA:758,0
DA:759,0
DA:761,0
DA:762,0
DA:764,0
DA:768,14
DA:769,14
DA:770,33
DA:774,1
DA:775,54
DA:776,54
DA:777,54
DA:778,75
DA:780,18
DA:783,54
DA:784,54
DA:785,54
DA:786,54
DA:787,54
DA:789,54
DA:790,26
DA:793,28
DA:796,28
DA:797,22
DA:798,22
DA:802,28
DA:805,1
DA:806,26
DA:809,1
DA:810,983
DA:811,983
DA:812,982
DA:818,956
DA:821,27
DA:824,1
DA:825,28
DA:826,28
DA:827,28
DA:828,27
DA:831,1
DA:834,1
DA:835,27
DA:836,27
DA:837,27
DA:838,27
DA:841,0
DA:844,1
DA:845,4276
DA:846,4276
DA:847,4276
DA:848,4276
DA:849,121
DA:852,4276
DA:853,3912
DA:855,4276
DA:856,4276
DA:857,3863
DA:858,3863
DA:859,3863
DA:860,3863
DA:861,3863
DA:863,3863
DA:864,1234
DA:867,3863
DA:869,865
DA:871,594
DA:872,594
DA:873,594
DA:874,594
DA:875,38
DA:878,556
DA:879,2936
DA:883,594
DA:884,35
DA:887,559
DA:890,594
DA:891,556
DA:892,556
DA:895,594
DA:898,271
DA:899,13
DA:902,258
DA:908,2998
DA:912,413
DA:913,413
DA:914,413
DA:915,367
DA:916,366
DA:920,4276
DA:923,1
DA:925,918
DA:926,918
DA:927,918
DA:928,3821
DA:929,8
DA:931,3813
DA:932,3813
DA:933,3909
DA:936,918
DA:939,1
DA:940,4
DA:941,4
DA:942,4
DA:943,7
DA:944,7
DA:945,7
DA:948,4
DA:951,1
DA:952,128
DA:953,87
DA:955,41
DA:956,41
DA:957,41
DA:960,1
DA:961,0
DA:962,0
DA:963,0
DA:964,0
DA:966,0
DA:969,1
DA:970,58
DA:971,58
DA:972,58
DA:978,1
DA:979,39
DA:980,39
DA:981,58
DA:982,58
DA:984,39
DA:987,1
DA:988,37
DA:989,37
DA:990,39
DA:991,39
DA:993,37
DA:996,1
DA:997,296
DA:1000,296
DA:1001,296
DA:1003,296
DA:1006,296
DA:1008,296
DA:1010,296
DA:1011,296
DA:1012,296
DA:1014,0
DA:1015,0
DA:1018,0
DA:1021,296
DA:1022,296
DA:1023,296
DA:1025,2
DA:1028,294
DA:1030,294
DA:1031,1
DA:1034,293
DA:1035,293
DA:1036,293
DA:1037,293
DA:1038,147
DA:1041,293
DA:1042,293
DA:1043,0
DA:1044,0
DA:1049,293
DA:1050,293
DA:1051,151
DA:1052,151
DA:1053,15
DA:1055,151
DA:1056,17
DA:1057,134
DA:1058,134
DA:1059,134
DA:1060,205
DA:1061,203
DA:1062,203
DA:1063,203
DA:1064,164
DA:1065,203
DA:1071,293
DA:1073,293
DA:1079,1
DA:1081,1
DA:1083,1
DA:1084,1
DA:1086,1
DA:1087,296
DA:1088,296
DA:1090,296
DA:1092,296
DA:1094,7
DA:1095,7
DA:1097,0
DA:1100,289
DA:1103,296
DA:1104,296
DA:1105,296
DA:1106,154
DA:1108,142
DA:1111,296
DA:1112,296
DA:1113,296
DA:1114,3
DA:1118,296
DA:1119,2
DA:1122,296
DA:1123,296
DA:1124,150
DA:1126,146
DA:1130,296
DA:1131,296
DA:1133,296
DA:1134,2
DA:1138,1
DA:1139,296
DA:1140,296
DA:1143,1
DA:1144,519
DA:1145,519
DA:1148,519
DA:1149,293
DA:1152,226
DA:1153,222
DA:1155,4
DA:1158,226
DA:1160,226
DA:1161,226
DA:1163,226
DA:1164,226
DA:1165,1
DA:1168,225
DA:1170,225
DA:1171,225
DA:1172,2701
DA:1175,0
DA:1177,225
DA:1178,225
DA:1183,1
DA:1184,294
DA:1185,294
DA:1187,294
DA:1188,293
DA:1189,293
DA:1192,294
DA:1195,1
DA:1196,37
DA:1197,37
DA:1198,37
DA:1199,37
DA:1201,37
DA:1204,1
DA:1205,3
DA:1208,1
DA:1209,165
DA:1210,165
DA:1211,165
DA:1212,165
DA:1213,165
DA:1232,165
DA:1233,165
DA:1235,165
DA:1237,165
DA:1238,890
DA:1239,890
DA:1241,890
DA:1243,890
DA:1244,890
DA:1245,890
DA:1246,890
DA:1247,890
DA:1248,890
DA:1249,890
DA:1251,890
DA:1252,99
DA:1255,99
DA:1257,10
DA:1258,10
DA:1259,10
DA:1260,1
DA:1261,1
DA:1262,9
DA:1263,0
DA:1264,0
DA:1265,9
DA:1266,0
DA:1267,0
DA:1270,10
DA:1271,10
DA:1273,10
DA:1274,10
DA:1275,0
DA:1277,10
DA:1279,7
DA:1281,7
DA:1284,96
DA:1285,96
DA:1288,887
DA:1289,0
DA:1290,0
DA:1291,0
DA:1293,0
DA:1295,887
DA:1296,0
DA:1297,0
DA:1302,887
DA:1303,636
DA:1304,501
DA:1305,501
DA:1307,135
DA:1308,135
DA:1311,887
DA:1312,135
DA:1313,135
DA:1314,3
DA:1315,3
DA:1319,887
DA:1320,109
DA:1325,887
DA:1326,887
DA:1327,19
DA:1329,19
DA:1331,1
DA:1333,18
DA:1335,19
DA:1336,19
DA:1337,9
DA:1341,887
DA:1342,15
DA:1344,887
DA:1347,165
DA:1348,879
DA:1349,879
DA:1350,879
DA:1351,879
DA:1352,879
DA:1353,879
DA:1355,879
DA:1356,73
DA:1359,879
DA:1360,3
DA:1363,876
DA:1364,55
DA:1367,876
DA:1368,15
DA:1369,11
DA:1371,15
DA:1372,861
DA:1373,12
DA:1374,12
DA:1376,12
DA:1378,849
DA:1381,876
DA:1382,0
DA:1386,165
DA:1387,2
DA:1388,2
DA:1389,0
DA:1392,2
DA:1393,1
DA:1394,1
DA:1395,1
DA:1396,1
DA:1398,0
DA:1401,1
DA:1405,165
DA:1406,27
DA:1407,27
DA:1417,165
DA:1418,1290
DA:1419,1290
DA:1420,844
DA:1423,446
DA:1424,446
DA:1426,446
DA:1427,1
DA:1430,445
DA:1431,3
DA:1432,442
DA:1433,19
DA:1434,423
DA:1435,1
DA:1438,422
DA:1439,233
DA:1441,189
DA:1446,446
DA:1447,47
DA:1449,399
DA:1453,165
DA:1455,16
DA:1456,16
DA:1457,16
DA:1458,16
DA:1459,16
DA:1460,16
DA:1462,207
DA:1466,7
DA:1467,7
DA:1469,6
DA:1471,1
DA:1473,16
DA:1475,149
DA:1477,119
DA:1481,126
DA:1482,0
DA:1483,0
DA:1484,0
DA:1488,126
DA:1489,118
DA:1490,118
DA:1491,20
DA:1492,20
DA:1493,20
DA:1494,20
DA:1495,20
DA:1496,20
DA:1498,98
DA:1500,8
DA:1510,1
DA:1511,172
DA:1512,1
DA:1515,171
DA:1517,171
DA:1518,171
DA:1519,171
DA:1520,161
DA:1521,72
DA:1526,161
DA:1530,171
DA:1541,1
DA:1542,161
DA:1543,161
DA:1544,161
DA:1545,161
DA:1556,1
DA:1557,11
DA:1558,11
DA:1559,11
DA:1561,11
DA:1563,11
DA:1564,11
DA:1566,11
DA:1568,11
DA:1569,13
DA:1570,0
DA:1572,13
DA:1573,13
DA:1574,13
DA:1575,13
DA:1576,13
DA:1577,13
DA:1580,11
DA:1581,11
DA:1586,1022
DA:1590,1206
DA:1593,1
DA:1594,1846
DA:1597,1
DA:1598,0
DA:1599,0
DA:1617,1
DA:1618,711
DA:1619,711
DA:1621,711
DA:1622,711
DA:1624,19
DA:1627,711
DA:1628,711
DA:1629,1
DA:1632,711
DA:1633,711
DA:1634,711
DA:1635,711
DA:1637,711
DA:1638,711
DA:1639,158
DA:1640,1
DA:1641,2
DA:1644,157
DA:1646,81
DA:1649,157
DA:1653,711
DA:1654,170
DA:1655,170
DA:1657,541
DA:1661,711
DA:1662,8
DA:1665,711
DA:1667,711
DA:1668,13
DA:1669,698
DA:1670,388
DA:1675,711
DA:1676,29
DA:1677,46
DA:1678,46
DA:1679,46
DA:1681,46
DA:1682,46
DA:1683,46
DA:1685,682
DA:1686,467
DA:1687,556
DA:1689,556
DA:1690,44
DA:1693,512
DA:1694,1
DA:1695,1
DA:1698,511
DA:1699,13
DA:1700,13
DA:1703,498
DA:1704,498
DA:1705,3
DA:1708,495
DA:1710,495
DA:1711,495
DA:1712,495
DA:1714,495
DA:1715,495
DA:1716,2
DA:1717,2
DA:1718,493
DA:1719,1
DA:1720,1
DA:1723,495
DA:1724,176
DA:1727,319
DA:1728,319
DA:1729,272
DA:1731,272
DA:1738,198
DA:1739,198
DA:1741,198
DA:1743,198
DA:1744,198
DA:1745,198
DA:1746,198
DA:1747,198
DA:1749,190
DA:1750,190
DA:1751,190
DA:1752,33
DA:1755,8
DA:1756,8
DA:1757,0
DA:1759,8
DA:1762,198
DA:1764,198
DA:1765,190
DA:1766,2
DA:1767,188
DA:1768,0
DA:1770,188
DA:1773,198
DA:1774,45
DA:1777,198
DA:1778,153
DA:1779,41
DA:1780,41
DA:1786,198
DA:1787,186
DA:1788,186
DA:1789,186
DA:1790,186
DA:1791,186
DA:1793,79
DA:1795,186
DA:1798,12
DA:1802,198
DA:1803,0
DA:1804,0
DA:1807,198
DA:1808,1
DA:1809,1
DA:1812,198
DA:1814,198
DA:1816,19
DA:1822,179
DA:1825,198
DA:1827,74
DA:1829,18
DA:1833,18
DA:1834,18
DA:1836,18
DA:1839,56
DA:1840,4
DA:1843,56
DA:1846,47
DA:1851,495
DA:1852,495
DA:1853,46
DA:1854,449
DA:1855,10
DA:1858,495
DA:1860,466
DA:1863,495
DA:1864,495
DA:1866,466
DA:1869,215
DA:1870,215
DA:1872,697
DA:1873,697
DA:1876,1
DA:1877,541
DA:1879,541
DA:1880,2
DA:1883,541
DA:1884,541
DA:1885,17
DA:1887,17
DA:1889,17
DA:1890,14
DA:1892,3
DA:1894,17
DA:1898,541
DA:1899,46
DA:1901,61
DA:1902,17
DA:1903,17
DA:1904,17
DA:1906,17
DA:1908,44
DA:1913,541
DA:1922,1
DA:1923,380
DA:1924,21
DA:1927,359
DA:1928,359
DA:1929,211
DA:1932,148
DA:1935,1
DA:1936,1083
DA:1937,54
DA:1939,1029
DA:1940,1029
DA:1944,1029
DA:1945,61
DA:1947,61
DA:1948,73
DA:1950,73
DA:1951,43
DA:1952,43
DA:1957,1029
DA:1958,1029
DA:1959,189
DA:1961,840
DA:1962,10
DA:1963,10
DA:1964,8
DA:1969,832
DA:1970,184
DA:1971,184
DA:1972,3
DA:1974,181
DA:1976,184
DA:1977,184
DA:1978,24
DA:1982,808
DA:1983,790
DA:1984,759
DA:1985,759
DA:1986,499
DA:1989,260
DA:1990,10
DA:1991,10
DA:1992,10
DA:1994,10
DA:1996,10
DA:1997,10
DA:1999,10
DA:2000,10
DA:2001,10
DA:2002,10
DA:2010,808
DA:2011,1
DA:2014,807
DA:2017,1
DA:2018,296
DA:2019,296
DA:2020,296
DA:2021,296
DA:2022,296
DA:2023,296
DA:2024,296
DA:2026,296
DA:2027,65022
DA:2028,65022
DA:2030,65022
DA:2032,65022
DA:2033,64728
DA:2034,64728
DA:2036,1018
DA:2037,0
DA:2039,1018
DA:2043,294
DA:2044,294
DA:2045,148
DA:2046,148
DA:2047,146
DA:2049,146
DA:2050,146
DA:2051,146
DA:2052,146
DA:2053,146
DA:2054,146
DA:2056,0
DA:2061,296
DA:2062,65016
DA:2063,65016
DA:2065,65016
DA:2068,296
DA:2070,294
DA:2073,1
DA:2074,296
DA:2075,294
DA:2078,294
DA:2081,1
DA:2085,1
DA:2087,1
DA:2088,293
DA:2089,293
DA:2090,293
DA:2091,960
DA:2092,147
DA:2094,813
DA:2095,813
DA:2102,443
DA:2104,370
DA:2105,59
DA:2107,311
DA:2108,52
DA:2110,259
DA:2111,0
DA:2113,259
DA:2115,293
DA:2140,226
DA:2141,0
DA:2142,0
DA:2145,226
DA:2147,226
DA:2148,77
DA:2151,149
DA:2155,262
DA:2156,3
DA:2157,3
DA:2161,262
DA:2162,262
DA:2163,262
DA:2166,262
DA:2167,253
DA:2168,253
DA:2169,253
DA:2170,0
DA:2173,253
DA:2174,253
DA:2175,253
DA:2176,253
DA:2181,9
DA:2182,9
DA:2183,9
DA:2184,9
DA:2185,3
DA:2186,6
DA:2187,6
DA:2188,6
DA:2189,6
DA:2190,6
DA:2192,0
DA:2197,262
DA:2200,1
DA:2201,1
LF:1176
LH:1115
BRDA:62,0,0,138865
BRDA:62,0,1,341
BRDA:63,1,0,113010
BRDA:63,1,1,26196
BRDA:68,2,0,216
BRDA:68,2,1,64
BRDA:69,3,0,1
BRDA:69,3,1,215
BRDA:69,4,0,216
BRDA:69,4,1,1
BRDA:91,5,0,0
BRDA:91,5,1,0
BRDA:92,6,0,0
BRDA:92,6,1,0
BRDA:109,7,0,1483
BRDA:109,7,1,127300
BRDA:110,8,0,1312
BRDA:110,8,1,171
BRDA:113,9,0,24409
BRDA:113,9,1,102891
BRDA:120,10,0,385
BRDA:120,10,1,64932
BRDA:127,11,0,65314
BRDA:127,11,1,3
BRDA:128,12,0,65314
BRDA:128,12,1,292
BRDA:129,13,0,65314
BRDA:129,13,1,292
BRDA:130,14,0,65314
BRDA:130,14,1,292
BRDA:139,15,0,1991
BRDA:139,15,1,1988
BRDA:139,15,2,1955
BRDA:140,16,0,1991
BRDA:140,16,1,1987
BRDA:140,16,2,1840
BRDA:149,17,0,0
BRDA:149,17,1,64728
BRDA:156,18,0,63710
BRDA:156,18,1,1018
BRDA:166,19,0,65016
BRDA:166,19,1,0
BRDA:167,20,0,288
BRDA:167,20,1,64728
BRDA:170,21,0,64728
BRDA:170,21,1,0
BRDA:189,22,0,8
BRDA:189,22,1,7
BRDA:267,23,0,72
BRDA:267,23,1,20
BRDA:321,24,0,0
BRDA:321,24,1,294
BRDA:334,25,0,104
BRDA:334,25,1,1
BRDA:345,26,0,7
BRDA:345,26,1,4112
BRDA:347,27,0,240
BRDA:347,27,1,3872
BRDA:347,28,0,4112
BRDA:347,28,1,4107
BRDA:348,29,0,240
BRDA:348,29,1,17
BRDA:349,30,0,227
BRDA:349,30,1,13
BRDA:351,31,0,227
BRDA:351,31,1,6
BRDA:351,31,2,6
BRDA:356,32,0,2601
BRDA:356,32,1,1271
BRDA:359,33,0,812
BRDA:359,33,1,459
BRDA:362,34,0,459
BRDA:362,34,1,0
BRDA:374,35,0,291
BRDA:374,35,1,0
BRDA:382,36,0,240
BRDA:382,36,1,5
BRDA:384,37,0,27
BRDA:384,37,1,213
BRDA:392,38,0,160
BRDA:392,38,1,2
BRDA:394,39,0,24
BRDA:394,39,1,136
BRDA:402,40,0,245
BRDA:402,40,1,837
BRDA:403,41,0,245
BRDA:403,41,1,33
BRDA:404,42,0,245
BRDA:404,42,1,169
BRDA:410,43,0,154
BRDA:410,43,1,245
BRDA:418,44,0,154
BRDA:418,44,1,0
BRDA:418,45,0,154
BRDA:418,45,1,154
BRDA:425,46,0,283
BRDA:425,46,1,873
BRDA:429,47,0,420
BRDA:429,47,1,453
BRDA:432,48,0,3
BRDA:432,48,1,450
BRDA:436,49,0,147
BRDA:436,49,1,303
BRDA:439,50,0,153
BRDA:439,50,1,150
BRDA:440,51,0,151
BRDA:440,51,1,2
BRDA:440,52,0,153
BRDA:440,52,1,2
BRDA:444,53,0,147
BRDA:444,53,1,3
BRDA:447,54,0,0
BRDA:447,54,1,3
BRDA:455,55,0,412
BRDA:455,55,1,0
BRDA:462,56,0,409
BRDA:462,56,1,1
BRDA:468,57,0,3
BRDA:468,57,1,409
BRDA:472,58,0,359
BRDA:472,58,1,50
BRDA:482,59,0,10
BRDA:482,59,1,349
BRDA:496,60,0,240
BRDA:496,60,1,109
BRDA:503,61,0,240
BRDA:503,61,1,109
BRDA:520,62,0,88
BRDA:520,62,1,261
BRDA:522,63,0,88
BRDA:522,63,1,88
BRDA:522,63,2,13
BRDA:524,64,0,87
BRDA:524,64,1,1
BRDA:525,65,0,41
BRDA:525,65,1,46
BRDA:531,66,0,46
BRDA:531,66,1,3
BRDA:531,66,2,1
BRDA:534,67,0,45
BRDA:534,67,1,1
BRDA:552,68,0,1
BRDA:552,68,1,63
BRDA:561,69,0,24
BRDA:561,69,1,39
BRDA:562,70,0,24
BRDA:562,70,1,23
BRDA:567,71,0,24
BRDA:567,71,1,39
BRDA:618,72,0,318
BRDA:618,72,1,508
BRDA:618,73,0,826
BRDA:618,73,1,318
BRDA:619,74,0,263
BRDA:619,74,1,55
BRDA:624,75,0,487
BRDA:624,75,1,339
BRDA:630,76,0,586
BRDA:630,76,1,0
BRDA:630,77,0,586
BRDA:630,77,1,586
BRDA:642,78,0,19
BRDA:642,78,1,810
BRDA:642,79,0,829
BRDA:642,79,1,363
BRDA:644,80,0,398
BRDA:644,80,1,412
BRDA:652,81,0,349
BRDA:652,81,1,63
BRDA:666,82,0,4
BRDA:666,82,1,146
BRDA:669,83,0,0
BRDA:669,83,1,230
BRDA:684,84,0,150
BRDA:684,84,1,2
BRDA:689,85,0,0
BRDA:689,85,1,242
BRDA:693,86,0,242
BRDA:693,86,1,166
BRDA:696,87,0,233
BRDA:696,87,1,9
BRDA:699,88,0,233
BRDA:699,88,1,2
BRDA:700,89,0,233
BRDA:700,89,1,82
BRDA:701,90,0,233
BRDA:701,90,1,231
BRDA:702,91,0,233
BRDA:702,91,1,151
BRDA:714,92,0,146
BRDA:714,92,1,1
BRDA:714,93,0,147
BRDA:714,93,1,146
BRDA:716,94,0,9
BRDA:716,94,1,154
BRDA:720,95,0,152
BRDA:720,95,1,2
BRDA:738,96,0,14
BRDA:738,96,1,0
BRDA:748,97,0,0
BRDA:748,97,1,33
BRDA:748,98,0,33
BRDA:748,98,1,33
BRDA:754,99,0,0
BRDA:754,99,1,14
BRDA:754,100,0,14
BRDA:754,100,1,0
BRDA:757,101,0,0
BRDA:757,101,1,0
BRDA:757,101,2,0
BRDA:759,102,0,0
BRDA:759,102,1,0
BRDA:759,102,2,0
BRDA:759,102,3,0
BRDA:768,103,0,14
BRDA:768,103,1,0
BRDA:778,104,0,18
BRDA:778,104,1,57
BRDA:778,105,0,75
BRDA:778,105,1,57
BRDA:783,106,0,54
BRDA:783,106,1,0
BRDA:786,107,0,54
BRDA:786,107,1,45
BRDA:786,107,2,17
BRDA:789,108,0,26
BRDA:789,108,1,28
BRDA:793,109,0,28
BRDA:793,109,1,28
BRDA:793,109,2,10
BRDA:793,109,3,9
BRDA:796,110,0,22
BRDA:796,110,1,6
BRDA:810,111,0,983
BRDA:810,111,1,0
BRDA:812,112,0,956
BRDA:812,112,1,26
BRDA:812,113,0,982
BRDA:812,113,1,979
BRDA:812,113,2,277
BRDA:812,113,3,81
BRDA:812,113,4,54
BRDA:827,114,0,27
BRDA:827,114,1,1
BRDA:837,115,0,27
BRDA:837,115,1,0
BRDA:847,116,0,4052
BRDA:847,116,1,224
BRDA:847,117,0,109
BRDA:847,117,1,115
BRDA:848,118,0,121
BRDA:848,118,1,4155
BRDA:848,119,0,4276
BRDA:848,119,1,3173
BRDA:852,120,0,3912
BRDA:852,120,1,364
BRDA:852,121,0,4276
BRDA:852,121,1,3912
BRDA:855,122,0,4276
BRDA:855,122,1,463
BRDA:856,123,0,3863
BRDA:856,123,1,413
BRDA:859,124,0,3863
BRDA:859,124,1,3627
BRDA:859,124,2,350
BRDA:861,125,0,3863
BRDA:861,125,1,1271
BRDA:861,126,0,1223
BRDA:861,126,1,48
BRDA:861,127,0,1223
BRDA:861,127,1,620
BRDA:863,128,0,1234
BRDA:863,128,1,2629
BRDA:863,129,0,3863
BRDA:863,129,1,3824
BRDA:867,130,0,865
BRDA:867,130,1,2998
BRDA:867,131,0,3863
BRDA:867,131,1,865
BRDA:869,132,0,594
BRDA:869,132,1,271
BRDA:874,133,0,38
BRDA:874,133,1,556
BRDA:883,134,0,35
BRDA:883,134,1,559
BRDA:890,135,0,556
BRDA:890,135,1,38
BRDA:898,136,0,13
BRDA:898,136,1,258
BRDA:915,137,0,366
BRDA:915,137,1,1
BRDA:928,138,0,8
BRDA:928,138,1,3813
BRDA:952,139,0,87
BRDA:952,139,1,41
BRDA:953,140,0,87
BRDA:953,140,1,87
BRDA:970,141,0,56
BRDA:970,141,1,2
BRDA:971,142,0,49
BRDA:971,142,1,9
BRDA:973,143,0,58
BRDA:973,143,1,56
BRDA:974,144,0,58
BRDA:974,144,1,49
BRDA:1006,145,0,296
BRDA:1006,145,1,148
BRDA:1006,146,0,296
BRDA:1006,146,1,0
BRDA:1010,147,0,296
BRDA:1010,147,1,0
BRDA:1014,148,0,0
BRDA:1014,148,1,0
BRDA:1030,149,0,1
BRDA:1030,149,1,293
BRDA:1036,150,0,293
BRDA:1036,150,1,0
BRDA:1042,151,0,0
BRDA:1042,151,1,293
BRDA:1052,152,0,15
BRDA:1052,152,1,136
BRDA:1055,153,0,17
BRDA:1055,153,1,134
BRDA:1060,154,0,203
BRDA:1060,154,1,2
BRDA:1063,155,0,164
BRDA:1063,155,1,39
BRDA:1087,156,0,296
BRDA:1087,156,1,0
BRDA:1090,157,0,296
BRDA:1090,157,1,0
BRDA:1092,158,0,7
BRDA:1092,158,1,289
BRDA:1092,159,0,296
BRDA:1092,159,1,153
BRDA:1092,159,2,146
BRDA:1094,160,0,7
BRDA:1094,160,1,0
BRDA:1103,161,0,296
BRDA:1103,161,1,147
BRDA:1104,162,0,296
BRDA:1104,162,1,148
BRDA:1105,163,0,154
BRDA:1105,163,1,142
BRDA:1113,164,0,3
BRDA:1113,164,1,293
BRDA:1118,165,0,2
BRDA:1118,165,1,294
BRDA:1122,166,0,296
BRDA:1122,166,1,0
BRDA:1123,167,0,150
BRDA:1123,167,1,146
BRDA:1123,168,0,296
BRDA:1123,168,1,296
BRDA:1133,169,0,2
BRDA:1133,169,1,294
BRDA:1139,170,0,296
BRDA:1139,170,1,0
BRDA:1148,171,0,293
BRDA:1148,171,1,226
BRDA:1152,172,0,222
BRDA:1152,172,1,4
BRDA:1152,173,0,226
BRDA:1152,173,1,225
BRDA:1155,174,0,4
BRDA:1155,174,1,1
BRDA:1160,175,0,226
BRDA:1160,175,1,95
BRDA:1164,176,0,1
BRDA:1164,176,1,225
BRDA:1170,177,0,225
BRDA:1170,177,1,0
BRDA:1172,178,0,105
BRDA:1172,178,1,2596
BRDA:1175,179,0,0
BRDA:1175,179,1,0
BRDA:1175,180,0,0
BRDA:1175,180,1,0
BRDA:1189,181,0,293
BRDA:1189,181,1,0
BRDA:1205,182,0,3
BRDA:1205,182,1,0
BRDA:1210,183,0,16
BRDA:1210,183,1,149
BRDA:1251,184,0,99
BRDA:1251,184,1,791
BRDA:1251,185,0,890
BRDA:1251,185,1,640
BRDA:1251,185,2,119
BRDA:1255,186,0,10
BRDA:1255,186,1,89
BRDA:1259,187,0,1
BRDA:1259,187,1,9
BRDA:1262,188,0,0
BRDA:1262,188,1,9
BRDA:1265,189,0,0
BRDA:1265,189,1,9
BRDA:1274,190,0,0
BRDA:1274,190,1,10
BRDA:1288,191,0,0
BRDA:1288,191,1,887
BRDA:1290,192,0,0
BRDA:1290,192,1,0
BRDA:1295,193,0,0
BRDA:1295,193,1,887
BRDA:1296,194,0,0
BRDA:1296,194,1,0
BRDA:1303,195,0,501
BRDA:1303,195,1,135
BRDA:1313,196,0,3
BRDA:1313,196,1,132
BRDA:1313,197,0,135
BRDA:1313,197,1,3
BRDA:1319,198,0,109
BRDA:1319,198,1,778
BRDA:1326,199,0,19
BRDA:1326,199,1,868
BRDA:1329,200,0,1
BRDA:1329,200,1,18
BRDA:1331,201,0,1
BRDA:1331,201,1,1
BRDA:1336,202,0,9
BRDA:1336,202,1,10
BRDA:1341,203,0,15
BRDA:1341,203,1,872
BRDA:1341,204,0,887
BRDA:1341,204,1,711
BRDA:1344,205,0,887
BRDA:1344,205,1,878
BRDA:1344,205,2,702
BRDA:1355,206,0,73
BRDA:1355,206,1,806
BRDA:1355,207,0,879
BRDA:1355,207,1,135
BRDA:1355,207,2,103
BRDA:1356,208,0,4
BRDA:1356,208,1,69
BRDA:1356,209,0,73
BRDA:1356,209,1,17
BRDA:1359,210,0,3
BRDA:1359,210,1,876
BRDA:1363,211,0,55
BRDA:1363,211,1,821
BRDA:1363,212,0,876
BRDA:1363,212,1,671
BRDA:1367,213,0,15
BRDA:1367,213,1,861
BRDA:1367,214,0,876
BRDA:1367,214,1,703
BRDA:1368,215,0,11
BRDA:1368,215,1,4
BRDA:1372,216,0,12
BRDA:1372,216,1,849
BRDA:1373,217,0,12
BRDA:1373,217,1,0
BRDA:1381,218,0,0
BRDA:1381,218,1,876
BRDA:1388,219,0,0
BRDA:1388,219,1,2
BRDA:1392,220,0,1
BRDA:1392,220,1,1
BRDA:1395,221,0,1
BRDA:1395,221,1,0
BRDA:1419,222,0,844
BRDA:1419,222,1,446
BRDA:1426,223,0,1
BRDA:1426,223,1,445
BRDA:1426,224,0,446
BRDA:1426,224,1,446
BRDA:1426,224,2,2
BRDA:1430,225,0,3
BRDA:1430,225,1,442
BRDA:1430,226,0,445
BRDA:1430,226,1,443
BRDA:1432,227,0,19
BRDA:1432,227,1,423
BRDA:1432,228,0,442
BRDA:1432,228,1,442
BRDA:1433,229,0,19
BRDA:1433,229,1,15
BRDA:1434,230,0,1
BRDA:1434,230,1,422
BRDA:1434,231,0,423
BRDA:1434,231,1,423
BRDA:1438,232,0,233
BRDA:1438,232,1,189
BRDA:1446,233,0,47
BRDA:1446,233,1,399
BRDA:1453,234,0,16
BRDA:1453,234,1,149
BRDA:1488,235,0,118
BRDA:1488,235,1,8
BRDA:1490,236,0,20
BRDA:1490,236,1,98
BRDA:1490,237,0,118
BRDA:1490,237,1,116
BRDA:1491,238,0,20
BRDA:1491,238,1,18
BRDA:1492,239,0,20
BRDA:1492,239,1,18
BRDA:1493,240,0,20
BRDA:1493,240,1,18
BRDA:1494,241,0,2
BRDA:1494,241,1,18
BRDA:1511,242,0,1
BRDA:1511,242,1,171
BRDA:1511,243,0,172
BRDA:1511,243,1,171
BRDA:1517,244,0,171
BRDA:1517,244,1,0
BRDA:1519,245,0,161
BRDA:1519,245,1,10
BRDA:1520,246,0,72
BRDA:1520,246,1,89
BRDA:1526,247,0,161
BRDA:1526,247,1,137
BRDA:1526,247,2,136
BRDA:1544,248,0,141
BRDA:1544,248,1,20
BRDA:1561,249,0,11
BRDA:1561,249,1,2
BRDA:1563,250,0,11
BRDA:1563,250,1,0
BRDA:1564,251,0,0
BRDA:1564,251,1,11
BRDA:1569,252,0,0
BRDA:1569,252,1,13
BRDA:1572,253,0,13
BRDA:1572,253,1,0
BRDA:1574,254,0,10
BRDA:1574,254,1,3
BRDA:1576,255,0,4
BRDA:1576,255,1,9
BRDA:1586,256,0,634
BRDA:1586,256,1,388
BRDA:1586,257,0,1022
BRDA:1586,257,1,642
BRDA:1590,258,0,6
BRDA:1590,258,1,1200
BRDA:1590,259,0,1206
BRDA:1590,259,1,328
BRDA:1599,260,0,0
BRDA:1599,260,1,0
BRDA:1621,261,0,612
BRDA:1621,261,1,99
BRDA:1622,262,0,19
BRDA:1622,262,1,692
BRDA:1628,263,0,1
BRDA:1628,263,1,710
BRDA:1633,264,0,711
BRDA:1633,264,1,532
BRDA:1635,265,0,711
BRDA:1635,265,1,101
BRDA:1635,265,2,610
BRDA:1638,266,0,158
BRDA:1638,266,1,553
BRDA:1638,267,0,711
BRDA:1638,267,1,636
BRDA:1639,268,0,1
BRDA:1639,268,1,157
BRDA:1639,269,0,158
BRDA:1639,269,1,13
BRDA:1644,270,0,81
BRDA:1644,270,1,76
BRDA:1644,271,0,157
BRDA:1644,271,1,86
BRDA:1649,272,0,114
BRDA:1649,272,1,43
BRDA:1649,273,0,157
BRDA:1649,273,1,45
BRDA:1653,274,0,170
BRDA:1653,274,1,541
BRDA:1661,275,0,8
BRDA:1661,275,1,703
BRDA:1661,276,0,711
BRDA:1661,276,1,8
BRDA:1661,277,0,8
BRDA:1661,277,1,0
BRDA:1667,278,0,13
BRDA:1667,278,1,698
BRDA:1667,279,0,711
BRDA:1667,279,1,30
BRDA:1669,280,0,388
BRDA:1669,280,1,310
BRDA:1669,281,0,698
BRDA:1669,281,1,471
BRDA:1669,281,2,216
BRDA:1669,281,3,170
BRDA:1669,281,4,402
BRDA:1675,282,0,29
BRDA:1675,282,1,682
BRDA:1679,283,0,46
BRDA:1679,283,1,20
BRDA:1685,284,0,467
BRDA:1685,284,1,215
BRDA:1687,285,0,0
BRDA:1687,285,1,556
BRDA:1689,286,0,44
BRDA:1689,286,1,512
BRDA:1693,287,0,1
BRDA:1693,287,1,511
BRDA:1698,288,0,13
BRDA:1698,288,1,498
BRDA:1704,289,0,3
BRDA:1704,289,1,495
BRDA:1715,290,0,2
BRDA:1715,290,1,493
BRDA:1718,291,0,1
BRDA:1718,291,1,492
BRDA:1723,292,0,176
BRDA:1723,292,1,319
BRDA:1727,293,0,319
BRDA:1727,293,1,0
BRDA:1728,294,0,272
BRDA:1728,294,1,47
BRDA:1731,295,0,198
BRDA:1731,295,1,74
BRDA:1731,296,0,272
BRDA:1731,296,1,198
BRDA:1731,296,2,186
BRDA:1731,296,3,55
BRDA:1731,296,4,47
BRDA:1743,297,0,198
BRDA:1743,297,1,190
BRDA:1744,298,0,198
BRDA:1744,298,1,0
BRDA:1747,299,0,190
BRDA:1747,299,1,8
BRDA:1751,300,0,33
BRDA:1751,300,1,157
BRDA:1756,301,0,0
BRDA:1756,301,1,8
BRDA:1759,302,0,8
BRDA:1759,302,1,0
BRDA:1764,303,0,190
BRDA:1764,303,1,8
BRDA:1764,304,0,198
BRDA:1764,304,1,190
BRDA:1765,305,0,2
BRDA:1765,305,1,188
BRDA:1767,306,0,0
BRDA:1767,306,1,188
BRDA:1773,307,0,45
BRDA:1773,307,1,153
BRDA:1777,308,0,153
BRDA:1777,308,1,45
BRDA:1777,309,0,198
BRDA:1777,309,1,197
BRDA:1778,310,0,41
BRDA:1778,310,1,112
BRDA:1786,311,0,186
BRDA:1786,311,1,12
BRDA:1789,312,0,186
BRDA:1789,312,1,22
BRDA:1791,313,0,79
BRDA:1791,313,1,107
BRDA:1791,314,0,186
BRDA:1791,314,1,102
BRDA:1796,315,0,186
BRDA:1796,315,1,118
BRDA:1799,316,0,12
BRDA:1799,316,1,4
BRDA:1802,317,0,0
BRDA:1802,317,1,198
BRDA:1802,318,0,198
BRDA:1802,318,1,10
BRDA:1807,319,0,1
BRDA:1807,319,1,197
BRDA:1814,320,0,19
BRDA:1814,320,1,179
BRDA:1827,321,0,18
BRDA:1827,321,1,56
BRDA:1827,322,0,74
BRDA:1827,322,1,22
BRDA:1839,323,0,4
BRDA:1839,323,1,52
BRDA:1852,324,0,46
BRDA:1852,324,1,449
BRDA:1852,325,0,495
BRDA:1852,325,1,383
BRDA:1852,325,2,133
BRDA:1852,325,3,47
BRDA:1854,326,0,10
BRDA:1854,326,1,439
BRDA:1858,327,0,466
BRDA:1858,327,1,29
BRDA:1860,328,0,1
BRDA:1860,328,1,465
BRDA:1860,329,0,465
BRDA:1860,329,1,446
BRDA:1861,330,0,2
BRDA:1861,330,1,464
BRDA:1864,331,0,466
BRDA:1864,331,1,29
BRDA:1866,332,0,1
BRDA:1866,332,1,465
BRDA:1866,333,0,465
BRDA:1866,333,1,446
BRDA:1869,334,0,215
BRDA:1869,334,1,0
BRDA:1870,335,0,214
BRDA:1870,335,1,1
BRDA:1879,336,0,2
BRDA:1879,336,1,539
BRDA:1884,337,0,17
BRDA:1884,337,1,524
BRDA:1884,338,0,541
BRDA:1884,338,1,46
BRDA:1887,339,0,17
BRDA:1887,339,1,15
BRDA:1889,340,0,14
BRDA:1889,340,1,3
BRDA:1898,341,0,46
BRDA:1898,341,1,495
BRDA:1901,342,0,17
BRDA:1901,342,1,44
BRDA:1923,343,0,21
BRDA:1923,343,1,359
BRDA:1923,344,0,380
BRDA:1923,344,1,380
BRDA:1923,344,2,380
BRDA:1928,345,0,211
BRDA:1928,345,1,148
BRDA:1928,346,0,359
BRDA:1928,346,1,148
BRDA:1936,347,0,54
BRDA:1936,347,1,1029
BRDA:1936,348,0,1083
BRDA:1936,348,1,1029
BRDA:1944,349,0,61
BRDA:1944,349,1,968
BRDA:1944,350,0,1029
BRDA:1944,350,1,73
BRDA:1950,351,0,43
BRDA:1950,351,1,30
BRDA:1958,352,0,189
BRDA:1958,352,1,840
BRDA:1958,353,0,1029
BRDA:1958,353,1,191
BRDA:1961,354,0,10
BRDA:1961,354,1,830
BRDA:1963,355,0,8
BRDA:1963,355,1,2
BRDA:1969,356,0,184
BRDA:1969,356,1,648
BRDA:1971,357,0,3
BRDA:1971,357,1,181
BRDA:1977,358,0,24
BRDA:1977,358,1,160
BRDA:1982,359,0,790
BRDA:1982,359,1,18
BRDA:1985,360,0,499
BRDA:1985,360,1,260
BRDA:1989,361,0,10
BRDA:1989,361,1,250
BRDA:1991,362,0,0
BRDA:1991,362,1,10
BRDA:1996,363,0,10
BRDA:1996,363,1,0
BRDA:1999,364,0,10
BRDA:1999,364,1,0
BRDA:2010,365,0,1
BRDA:2010,365,1,807
BRDA:2010,366,0,808
BRDA:2010,366,1,299
BRDA:2032,367,0,64728
BRDA:2032,367,1,294
BRDA:2036,368,0,0
BRDA:2036,368,1,1018
BRDA:2044,369,0,148
BRDA:2044,369,1,146
BRDA:2047,370,0,146
BRDA:2047,370,1,0
BRDA:2091,371,0,147
BRDA:2091,371,1,813
BRDA:2091,372,0,960
BRDA:2091,372,1,960
BRDA:2095,373,0,2
BRDA:2095,373,1,124
BRDA:2095,373,2,264
BRDA:2095,373,3,278
BRDA:2095,373,4,327
BRDA:2095,373,5,443
BRDA:2104,374,0,59
BRDA:2104,374,1,311
BRDA:2107,375,0,52
BRDA:2107,375,1,259
BRDA:2110,376,0,0
BRDA:2110,376,1,259
BRDA:2140,377,0,0
BRDA:2140,377,1,226
BRDA:2147,378,0,77
BRDA:2147,378,1,149
BRDA:2155,379,0,3
BRDA:2155,379,1,259
BRDA:2161,380,0,262
BRDA:2161,380,1,113
BRDA:2166,381,0,253
BRDA:2166,381,1,9
BRDA:2169,382,0,0
BRDA:2169,382,1,253
BRDA:2182,383,0,9
BRDA:2182,383,1,6
BRDA:2184,384,0,3
BRDA:2184,384,1,6
BRDA:2186,385,0,6
BRDA:2186,385,1,0
BRDA:2186,386,0,6
BRDA:2186,386,1,6
BRF:809
BRH:722
end_of_record
TN:
SF:/home/alan/dev/amodev/node-soap/lib/security/BasicAuthSecurity.js
FN:5,BasicAuthSecurity
FN:12,(anonymous_1)
FN:16,(anonymous_2)
FN:20,(anonymous_3)
FNF:4
FNH:2
FNDA:2,BasicAuthSecurity
FNDA:0,(anonymous_1)
FNDA:0,(anonymous_2)
FNDA:1,(anonymous_3)
DA:3,1
DA:6,2
DA:7,2
DA:8,2
DA:9,2
DA:12,1
DA:13,0
DA:16,1
DA:17,0
DA:20,1
DA:21,1
DA:24,1
LF:12
LH:10
BRDA:13,0,0,0
BRDA:13,0,1,0
BRF:2
BRH:0
end_of_record
TN:
SF:/home/alan/dev/amodev/node-soap/lib/security/BearerSecurity.js
FN:5,BearerSecurity
FN:11,(anonymous_1)
FN:15,(anonymous_2)
FN:19,(anonymous_3)
FNF:4
FNH:2
FNDA:2,BearerSecurity
FNDA:0,(anonymous_1)
FNDA:0,(anonymous_2)
FNDA:1,(anonymous_3)
DA:3,1
DA:6,2
DA:7,2
DA:8,2
DA:11,1
DA:12,0
DA:15,1
DA:16,0
DA:19,1
DA:20,1
DA:23,1
LF:11
LH:9
BRF:0
BRH:0
end_of_record
TN:
SF:/home/alan/dev/amodev/node-soap/lib/security/ClientSSLSecurity.js
FN:17,ClientSSLSecurity
FN:53,(anonymous_1)
FN:57,(anonymous_2)
FNF:3
FNH:2
FNDA:5,ClientSSLSecurity
FNDA:0,(anonymous_1)
FNDA:1,(anonymous_2)
DA:3,1
DA:4,1
DA:5,1
DA:18,5
DA:19,1
DA:20,1
DA:21,0
DA:22,0
DA:24,0
DA:28,5
DA:29,2
DA:30,2
DA:31,0
DA:32,0
DA:34,0
DA:38,5
DA:39,4
DA:40,2
DA:41,2
DA:42,0
DA:44,2
DA:45,2
DA:49,5
DA:50,5
DA:53,1
DA:54,0
DA:57,1
DA:58,1
DA:59,1
DA:60,1
DA:61,1
DA:62,1
DA:65,1
LF:33
LH:25
BRDA:18,0,0,1
BRDA:18,0,1,4
BRDA:19,1,0,1
BRDA:19,1,1,0
BRDA:21,2,0,0
BRDA:21,2,1,0
BRDA:28,3,0,2
BRDA:28,3,1,3
BRDA:29,4,0,2
BRDA:29,4,1,0
BRDA:31,5,0,0
BRDA:31,5,1,0
BRDA:38,6,0,4
BRDA:38,6,1,1
BRDA:39,7,0,2
BRDA:39,7,1,2
BRDA:39,8,0,4
BRDA:39,8,1,3
BRDA:41,9,0,0
BRDA:41,9,1,2
BRF:20
BRH:13
end_of_record
TN:
SF:/home/alan/dev/amodev/node-soap/lib/security/ClientSSLSecurityPFX.js
FN:15,ClientSSLSecurityPFX
FN:38,(anonymous_1)
FN:42,(anonymous_2)
FNF:3
FNH:2
FNDA:5,ClientSSLSecurityPFX
FNDA:0,(anonymous_1)
FNDA:1,(anonymous_2)
DA:3,1
DA:4,1
DA:5,1
DA:16,5
DA:17,2
DA:19,5
DA:20,3
DA:21,2
DA:22,1
DA:23,0
DA:25,1
DA:29,4
DA:30,3
DA:31,1
DA:34,4
DA:35,4
DA:38,1
DA:39,0
DA:42,1
DA:43,1
DA:44,1
DA:45,0
DA:47,1
DA:48,1
DA:51,1
LF:25
LH:22
BRDA:16,0,0,2
BRDA:16,0,1,3
BRDA:19,1,0,3
BRDA:19,1,1,2
BRDA:20,2,0,2
BRDA:20,2,1,1
BRDA:22,3,0,0
BRDA:22,3,1,1
BRDA:29,4,0,3
BRDA:29,4,1,1
BRDA:30,5,0,1
BRDA:30,5,1,2
BRDA:44,6,0,0
BRDA:44,6,1,1
BRF:14
BRH:12
end_of_record
TN:
SF:/home/alan/dev/amodev/node-soap/lib/security/WSSecurity.js
FN:7,WSSecurity
FN:37,(anonymous_1)
FN:39,getDate
FN:40,pad
FNF:4
FNH:4
FNDA:8,WSSecurity
FNDA:6,(anonymous_1)
FNDA:11,getDate
FNDA:55,pad
DA:3,1
DA:4,1
DA:5,1
DA:8,8
DA:9,8
DA:10,8
DA:12,8
DA:13,2
DA:14,2
DA:16,6
DA:19,8
DA:20,2
DA:23,8
DA:25,8
DA:26,2
DA:28,8
DA:29,8
DA:30,2
DA:32,8
DA:33,0
DA:37,1
DA:41,55
DA:43,11
DA:50,6
DA:51,6
DA:52,6
DA:53,6
DA:54,5
DA:55,5
DA:62,6
DA:64,1
DA:65,1
DA:66,1
DA:68,6
DA:69,6
DA:70,6
DA:71,1
DA:74,0
DA:78,6
DA:90,1
LF:40
LH:38
BRDA:8,0,0,8
BRDA:8,0,1,1
BRDA:12,1,0,2
BRDA:12,1,1,6
BRDA:13,2,0,2
BRDA:13,2,1,0
BRDA:16,3,0,3
BRDA:16,3,1,3
BRDA:19,4,0,2
BRDA:19,4,1,6
BRDA:23,5,0,1
BRDA:23,5,1,7
BRDA:23,6,0,8
BRDA:23,6,1,8
BRDA:25,7,0,2
BRDA:25,7,1,6
BRDA:28,8,0,1
BRDA:28,8,1,7
BRDA:28,9,0,8
BRDA:28,9,1,8
BRDA:29,10,0,2
BRDA:29,10,1,6
BRDA:32,11,0,0
BRDA:32,11,1,8
BRDA:41,12,0,25
BRDA:41,12,1,30
BRDA:53,13,0,5
BRDA:53,13,1,1
BRDA:62,14,0,1
BRDA:62,14,1,5
BRDA:62,15,0,6
BRDA:62,15,1,5
BRDA:68,16,0,6
BRDA:68,16,1,0
BRDA:70,17,0,1
BRDA:70,17,1,5
BRDA:78,18,0,1
BRDA:78,18,1,5
BRDA:79,19,0,0
BRDA:79,19,1,6
BRDA:85,20,0,5
BRDA:85,20,1,1
BRF:42
BRH:38
end_of_record
TN:
SF:/home/alan/dev/amodev/node-soap/lib/security/WSSecurityCert.js
FN:11,addMinutes
FN:15,dateStringForSOAP
FN:21,generateCreated
FN:25,generateExpires
FN:29,insertStr
FN:33,generateId
FN:37,WSSecurityCert
FN:49,(anonymous_7)
FN:54,(anonymous_8)
FNF:9
FNH:9
FNDA:4,addMinutes
FNDA:8,dateStringForSOAP
FNDA:4,generateCreated
FNDA:4,generateExpires
FNDA:7,insertStr
FNDA:5,generateId
FNDA:5,WSSecurityCert
FNDA:3,(anonymous_7)
FNDA:4,(anonymous_8)
DA:3,1
DA:4,1
DA:5,1
DA:6,1
DA:7,1
DA:8,1
DA:9,1
DA:12,4
DA:16,8
DA:22,4
DA:26,4
DA:30,7
DA:34,5
DA:38,5
DA:40,5
DA:41,5
DA:45,5
DA:47,5
DA:48,5
DA:49,5
DA:50,3
DA:54,1
DA:55,4
DA:56,4
DA:58,4
DA:65,4
DA:67,4
DA:70,4
DA:71,4
DA:73,4
DA:75,3
DA:78,1
LF:32
LH:32
BRF:0
BRH:0
end_of_record
TN:
SF:/home/alan/dev/amodev/node-soap/lib/security/index.js
FNF:0
FNH:0
DA:3,1
LF:1
LH:1
BRF:0
BRH:0
end_of_record
